<?xml version="1.0" encoding="UTF-8"?>
<testsuite xmlns:xsi="http://www.w3.org/2001/XMLSchema-instance" xsi:noNamespaceSchemaLocation="https://maven.apache.org/surefire/maven-surefire-plugin/xsd/surefire-test-report.xsd" version="3.0.2" name="com.assignment.fileprocessor.FileProcessorApplicationTests" time="7.0" tests="1" errors="0" skipped="0" failures="0">
  <properties>
[...]
</properties>
  <testcase name="contextLoads" classname="com.assignment.fileprocessor.FileProcessorApplicationTests" time="0.589">
    <system-out><![CDATA[23:49:57.668 [main] INFO org.springframework.test.context.support.AnnotationConfigContextLoaderUtils -- Could not detect default configuration classes for test class [com.assignment.fileprocessor.FileProcessorApplicationTests]: FileProcessorApplicationTests does not declare any static, non-private, non-final, nested classes annotated with @Configuration.
23:49:57.864 [main] INFO org.springframework.boot.test.context.SpringBootTestContextBootstrapper -- Found @SpringBootConfiguration com.assignment.fileprocessor.FileProcessorApplication for test class com.assignment.fileprocessor.FileProcessorApplicationTests

  .   ____          _            __ _ _
 /\\ / ___'_ __ _ _(_)_ __  __ _ \ \ \ \
( ( )\___ | '_ | '_| | '_ \/ _` | \ \ \ \
 \\/  ___)| |_)| | | | | || (_| |  ) ) ) )
  '  |____| .__|_| |_|_| |_\__, | / / / /
 =========|_|==============|___/=/_/_/_/

 :: Spring Boot ::                (v3.5.0)

2025-06-01T23:49:58.825+03:00  INFO 52980 --- [fileprocessor] [           main] c.a.f.FileProcessorApplicationTests      : Starting FileProcessorApplicationTests using Java 17.0.12 with PID 52980 (started by user in C:\Users\user\Desktop\hemimont\fileprocessor)
2025-06-01T23:49:58.827+03:00  INFO 52980 --- [fileprocessor] [           main] c.a.f.FileProcessorApplicationTests      : No active profile set, falling back to 1 default profile: "default"
2025-06-01T23:49:59.639+03:00  INFO 52980 --- [fileprocessor] [           main] o.s.b.c.c.annotation.BatchRegistrar      : Finished Spring Batch infrastructure beans configuration in 11 ms.
2025-06-01T23:49:59.948+03:00  INFO 52980 --- [fileprocessor] [           main] .s.d.r.c.RepositoryConfigurationDelegate : Bootstrapping Spring Data JPA repositories in DEFAULT mode.
2025-06-01T23:49:59.992+03:00  INFO 52980 --- [fileprocessor] [           main] .s.d.r.c.RepositoryConfigurationDelegate : Finished Spring Data repository scanning in 23 ms. Found 0 JPA repository interfaces.
2025-06-01T23:50:00.758+03:00  INFO 52980 --- [fileprocessor] [           main] com.zaxxer.hikari.HikariDataSource       : HikariPool-1 - Starting...
2025-06-01T23:50:01.026+03:00  INFO 52980 --- [fileprocessor] [           main] com.zaxxer.hikari.pool.HikariPool        : HikariPool-1 - Added connection conn0: url=jdbc:h2:mem:efbc3ed0-6107-47dd-84a3-cf968dcb8504 user=SA
2025-06-01T23:50:01.028+03:00  INFO 52980 --- [fileprocessor] [           main] com.zaxxer.hikari.HikariDataSource       : HikariPool-1 - Start completed.
2025-06-01T23:50:01.096+03:00  INFO 52980 --- [fileprocessor] [           main] o.hibernate.jpa.internal.util.LogHelper  : HHH000204: Processing PersistenceUnitInfo [name: default]
2025-06-01T23:50:01.179+03:00  INFO 52980 --- [fileprocessor] [           main] org.hibernate.Version                    : HHH000412: Hibernate ORM core version 6.6.15.Final
2025-06-01T23:50:01.238+03:00  INFO 52980 --- [fileprocessor] [           main] o.h.c.internal.RegionFactoryInitiator    : HHH000026: Second-level cache disabled
2025-06-01T23:50:01.745+03:00  INFO 52980 --- [fileprocessor] [           main] o.s.o.j.p.SpringPersistenceUnitInfo      : No LoadTimeWeaver setup: ignoring JPA class transformer
2025-06-01T23:50:01.893+03:00  INFO 52980 --- [fileprocessor] [           main] org.hibernate.orm.connections.pooling    : HHH10001005: Database info:
	Database JDBC URL [Connecting through datasource 'HikariDataSource (HikariPool-1)']
	Database driver: undefined/unknown
	Database version: 2.3.232
	Autocommit mode: undefined/unknown
	Isolation level: undefined/unknown
	Minimum pool size: undefined/unknown
	Maximum pool size: undefined/unknown
2025-06-01T23:50:02.314+03:00  INFO 52980 --- [fileprocessor] [           main] o.h.e.t.j.p.i.JtaPlatformInitiator       : HHH000489: No JTA platform available (set 'hibernate.transaction.jta.platform' to enable JTA platform integration)
2025-06-01T23:50:02.321+03:00  INFO 52980 --- [fileprocessor] [           main] j.LocalContainerEntityManagerFactoryBean : Initialized JPA EntityManagerFactory for persistence unit 'default'
2025-06-01T23:50:02.378+03:00  INFO 52980 --- [fileprocessor] [           main] o.s.b.c.r.s.JobRepositoryFactoryBean     : No database type set, using meta data indicating: H2
2025-06-01T23:50:02.404+03:00  INFO 52980 --- [fileprocessor] [           main] o.s.b.c.l.s.TaskExecutorJobLauncher      : No TaskExecutor has been set, defaulting to synchronous executor.
2025-06-01T23:50:02.442+03:00  INFO 52980 --- [fileprocessor] [           main] .c.a.BatchObservabilityBeanPostProcessor : No Micrometer observation registry found, defaulting to ObservationRegistry.NOOP
2025-06-01T23:50:02.449+03:00  INFO 52980 --- [fileprocessor] [           main] .c.a.BatchObservabilityBeanPostProcessor : No Micrometer observation registry found, defaulting to ObservationRegistry.NOOP
2025-06-01T23:50:02.674+03:00  WARN 52980 --- [fileprocessor] [           main] JpaBaseConfiguration$JpaWebConfiguration : spring.jpa.open-in-view is enabled by default. Therefore, database queries may be performed during view rendering. Explicitly configure spring.jpa.open-in-view to disable this warning
2025-06-01T23:50:03.788+03:00  INFO 52980 --- [fileprocessor] [           main] c.a.f.FileProcessorApplicationTests      : Started FileProcessorApplicationTests in 5.588 seconds (process running for 7.055)
]]></system-out>
  </testcase>
</testsuite>